This is pdfTeX, Version 3.1415926-1.40.10 (TeX Live 2009/Debian) (format=latex 2010.7.19)  9 NOV 2010 02:52
entering extended mode
 restricted \write18 enabled.
 %&-line parsing enabled.
**result.tex
(./result.tex
LaTeX2e <2009/09/24>
Babel <v3.8l> and hyphenation patterns for english, usenglishmax, dumylang, noh
yphenation, loaded.
(/usr/share/texmf-texlive/tex/latex/base/article.cls
Document Class: article 2007/10/19 v1.4h Standard LaTeX document class
(/usr/share/texmf-texlive/tex/latex/base/size10.clo
File: size10.clo 2007/10/19 v1.4h Standard LaTeX file (size option)
)
\c@part=\count79
\c@section=\count80
\c@subsection=\count81
\c@subsubsection=\count82
\c@paragraph=\count83
\c@subparagraph=\count84
\c@figure=\count85
\c@table=\count86
\abovecaptionskip=\skip41
\belowcaptionskip=\skip42
\bibindent=\dimen102
)
(/usr/share/texmf-texlive/tex/latex/graphics/graphicx.sty
Package: graphicx 1999/02/16 v1.0f Enhanced LaTeX Graphics (DPC,SPQR)

(/usr/share/texmf-texlive/tex/latex/graphics/keyval.sty
Package: keyval 1999/03/16 v1.13 key=value parser (DPC)
\KV@toks@=\toks14
)
(/usr/share/texmf-texlive/tex/latex/graphics/graphics.sty
Package: graphics 2009/02/05 v1.0o Standard LaTeX Graphics (DPC,SPQR)

(/usr/share/texmf-texlive/tex/latex/graphics/trig.sty
Package: trig 1999/03/16 v1.09 sin cos tan (DPC)
)
(/etc/texmf/tex/latex/config/graphics.cfg
File: graphics.cfg 2009/08/28 v1.8 graphics configuration of TeX Live
)
Package graphics Info: Driver file: dvips.def on input line 91.

(/usr/share/texmf-texlive/tex/latex/graphics/dvips.def
File: dvips.def 1999/02/16 v3.0i Driver-dependant file (DPC,SPQR)
))
\Gin@req@height=\dimen103
\Gin@req@width=\dimen104
)
(/usr/share/texmf-texlive/tex/latex/graphics/color.sty
Package: color 2005/11/14 v1.0j Standard LaTeX Color (DPC)

(/etc/texmf/tex/latex/config/color.cfg
File: color.cfg 2007/01/18 v1.5 color configuration of teTeX/TeXLive
)
Package color Info: Driver file: dvips.def on input line 130.

(/usr/share/texmf-texlive/tex/latex/graphics/dvipsnam.def
File: dvipsnam.def 1999/02/16 v3.0i Driver-dependant file (DPC,SPQR)
))
(/usr/share/texmf-texlive/tex/latex/geometry/geometry.sty
Package: geometry 2008/12/21 v4.2 Page Geometry

(/usr/share/texmf-texlive/tex/generic/oberdiek/ifpdf.sty
Package: ifpdf 2009/04/10 v2.0 Provides the ifpdf switch (HO)
Package ifpdf Info: pdfTeX in pdf mode not detected.
)
(/usr/share/texmf-texlive/tex/generic/oberdiek/ifvtex.sty
Package: ifvtex 2008/11/04 v1.4 Switches for detecting VTeX and its modes (HO)
Package ifvtex Info: VTeX not detected.
)
\Gm@cnth=\count87
\Gm@cntv=\count88
\c@Gm@tempcnt=\count89
\Gm@bindingoffset=\dimen105
\Gm@wd@mp=\dimen106
\Gm@odd@mp=\dimen107
\Gm@even@mp=\dimen108
\Gm@dimlist=\toks15

(/usr/share/texmf-texlive/tex/xelatex/xetexconfig/geometry.cfg))
(/usr/share/texmf-texlive/tex/latex/tools/multicol.sty
Package: multicol 2008/12/05 v1.6h multicolumn formatting (FMi)
\c@tracingmulticols=\count90
\mult@box=\box26
\multicol@leftmargin=\dimen109
\c@unbalance=\count91
\c@collectmore=\count92
\doublecol@number=\count93
\multicoltolerance=\count94
\multicolpretolerance=\count95
\full@width=\dimen110
\page@free=\dimen111
\premulticols=\dimen112
\postmulticols=\dimen113
\multicolsep=\skip43
\multicolbaselineskip=\skip44
\partial@page=\box27
\last@line=\box28
\mult@rightbox=\box29
\mult@grightbox=\box30
\mult@gfirstbox=\box31
\mult@firstbox=\box32
\@tempa=\box33
\@tempa=\box34
\@tempa=\box35
\@tempa=\box36
\@tempa=\box37
\@tempa=\box38
\@tempa=\box39
\@tempa=\box40
\@tempa=\box41
\@tempa=\box42
\@tempa=\box43
\@tempa=\box44
\@tempa=\box45
\@tempa=\box46
\@tempa=\box47
\@tempa=\box48
\@tempa=\box49
\c@columnbadness=\count96
\c@finalcolumnbadness=\count97
\last@try=\dimen114
\multicolovershoot=\dimen115
\multicolundershoot=\dimen116
\mult@nat@firstbox=\box50
\colbreak@box=\box51
)
(/usr/share/texmf-texlive/tex/latex/base/alltt.sty
Package: alltt 1997/06/16 v2.0g defines alltt environment
)
(/usr/share/texmf-texlive/tex/latex/tools/array.sty
Package: array 2008/09/09 v2.4c Tabular extension package (FMi)
\col@sep=\dimen117
\extrarowheight=\dimen118
\NC@list=\toks16
\extratabsurround=\skip45
\backup@length=\skip46
)
(/usr/share/texmf-texlive/tex/latex/tools/tabularx.sty
Package: tabularx 1999/01/07 v2.07 `tabularx' package (DPC)
\TX@col@width=\dimen119
\TX@old@table=\dimen120
\TX@old@col=\dimen121
\TX@target=\dimen122
\TX@delta=\dimen123
\TX@cols=\count98
\TX@ftn=\toks17
)
(/usr/share/texmf-texlive/tex/latex/tools/verbatim.sty
Package: verbatim 2003/08/22 v1.5q LaTeX2e package for verbatim enhancements
\every@verbatim=\toks18
\verbatim@line=\toks19
\verbatim@in@stream=\read1
)
(/usr/share/texmf-texlive/tex/latex/ltxmisc/url.sty
\Urlmuskip=\muskip10
Package: url 2006/04/12  ver 3.3  Verb mode for urls, etc.
)
(/usr/share/texmf-texlive/tex/latex/multirow/bigdelim.sty)
(/usr/share/texmf-texlive/tex/latex/multirow/bigstrut.sty
\bigstrutjot=\dimen124
)
(/usr/share/texmf-texlive/tex/latex/multirow/multirow.sty)
(/usr/share/texmf-texlive/tex/latex/amsfonts/amssymb.sty
Package: amssymb 2009/06/22 v3.00

(/usr/share/texmf-texlive/tex/latex/amsfonts/amsfonts.sty
Package: amsfonts 2009/06/22 v3.00 Basic AMSFonts support
\@emptytoks=\toks20
\symAMSa=\mathgroup4
\symAMSb=\mathgroup5
LaTeX Font Info:    Overwriting math alphabet `\mathfrak' in version `bold'
(Font)                  U/euf/m/n --> U/euf/b/n on input line 96.
))
(/usr/share/texmf-texlive/tex/latex/amsmath/amsmath.sty
Package: amsmath 2000/07/18 v2.13 AMS math features
\@mathmargin=\skip47

For additional information on amsmath, use the `?' option.
(/usr/share/texmf-texlive/tex/latex/amsmath/amstext.sty
Package: amstext 2000/06/29 v2.01

(/usr/share/texmf-texlive/tex/latex/amsmath/amsgen.sty
File: amsgen.sty 1999/11/30 v2.0
\@emptytoks=\toks21
\ex@=\dimen125
))
(/usr/share/texmf-texlive/tex/latex/amsmath/amsbsy.sty
Package: amsbsy 1999/11/29 v1.2d
\pmbraise@=\dimen126
)
(/usr/share/texmf-texlive/tex/latex/amsmath/amsopn.sty
Package: amsopn 1999/12/14 v2.01 operator names
)
\inf@bad=\count99
LaTeX Info: Redefining \frac on input line 211.
\uproot@=\count100
\leftroot@=\count101
LaTeX Info: Redefining \overline on input line 307.
\classnum@=\count102
\DOTSCASE@=\count103
LaTeX Info: Redefining \ldots on input line 379.
LaTeX Info: Redefining \dots on input line 382.
LaTeX Info: Redefining \cdots on input line 467.
\Mathstrutbox@=\box52
\strutbox@=\box53
\big@size=\dimen127
LaTeX Font Info:    Redeclaring font encoding OML on input line 567.
LaTeX Font Info:    Redeclaring font encoding OMS on input line 568.
\macc@depth=\count104
\c@MaxMatrixCols=\count105
\dotsspace@=\muskip11
\c@parentequation=\count106
\dspbrk@lvl=\count107
\tag@help=\toks22
\row@=\count108
\column@=\count109
\maxfields@=\count110
\andhelp@=\toks23
\eqnshift@=\dimen128
\alignsep@=\dimen129
\tagshift@=\dimen130
\tagwidth@=\dimen131
\totwidth@=\dimen132
\lineht@=\dimen133
\@envbody=\toks24
\multlinegap=\skip48
\multlinetaggap=\skip49
\mathdisplay@stack=\toks25
LaTeX Info: Redefining \[ on input line 2666.
LaTeX Info: Redefining \] on input line 2667.
)
(/usr/share/texmf-texlive/tex/latex/subfig/subfig.sty
Package: subfig 2005/06/28 ver: 1.3 subfig package

(/usr/share/texmf-texlive/tex/latex/caption/caption.sty
Package: caption 2009/10/09 v3.1k Customizing captions (AR)

(/usr/share/texmf-texlive/tex/latex/caption/caption3.sty
Package: caption3 2009/10/09 v3.1k caption3 kernel (AR)
\captionmargin=\dimen134
\captionmargin@=\dimen135
\captionwidth=\dimen136
\caption@indent=\dimen137
\caption@parindent=\dimen138
\caption@hangindent=\dimen139
)
\c@ContinuedFloat=\count111
)
\c@KVtest=\count112
\sf@farskip=\skip50
\sf@captopadj=\dimen140
\sf@capskip=\skip51
\sf@nearskip=\skip52
\c@subfigure=\count113
\c@subfigure@save=\count114
\c@lofdepth=\count115
\c@subtable=\count116
\c@subtable@save=\count117
\c@lotdepth=\count118
\sf@top=\skip53
\sf@bottom=\skip54
)
(/usr/share/texmf-texlive/tex/latex/ctable/ctable.sty
Package: ctable 2009/09/17 v1.15 ctable package

(/usr/share/texmf-texlive/tex/latex/xkeyval/xkeyval.sty
Package: xkeyval 2008/08/13 v2.6a package option processing (HA)

(/usr/share/texmf-texlive/tex/generic/xkeyval/xkeyval.tex
\XKV@toks=\toks26
\XKV@tempa@toks=\toks27
\XKV@depth=\count119
File: xkeyval.tex 2008/08/13 v2.6a key=value parser (HA)
))
(/usr/share/texmf-texlive/tex/latex/booktabs/booktabs.sty
Package: booktabs 2005/04/14 v1.61803 publication quality tables
\heavyrulewidth=\dimen141
\lightrulewidth=\dimen142
\cmidrulewidth=\dimen143
\belowrulesep=\dimen144
\belowbottomsep=\dimen145
\aboverulesep=\dimen146
\abovetopsep=\dimen147
\cmidrulesep=\dimen148
\cmidrulekern=\dimen149
\defaultaddspace=\dimen150
\@cmidla=\count120
\@cmidlb=\count121
\@aboverulesep=\dimen151
\@belowrulesep=\dimen152
\@thisruleclass=\count122
\@lastruleclass=\count123
\@thisrulewidth=\dimen153
)
(/usr/share/texmf-texlive/tex/latex/rotating/rotating.sty
Package: rotating 2009/03/28 v2.16a rotated objects in LaTeX

(/usr/share/texmf-texlive/tex/latex/base/ifthen.sty
Package: ifthen 2001/05/26 v1.1c Standard LaTeX ifthen package (DPC)
)
\c@r@tfl@t=\count124
\rotFPtop=\skip55
\rotFPbot=\skip56
\rot@float@box=\box54
\rot@mess@toks=\toks28
)
\@ctblframesep=\dimen154
\@ctblframerule=\dimen155
\@ctblwidth=\dimen156
\@ctblcaptionskip=\dimen157
\@ctblmaxwidth=\dimen158
\@ctblmincapwidth=\dimen159
\@ctblw=\dimen160
\@ctblfloatwidth=\dimen161
\@ctbloldsep=\dimen162
\@ctbloldrule=\dimen163
\ctbl@t=\box55
) (./result.aux)
\openout1 = `result.aux'.

LaTeX Font Info:    Checking defaults for OML/cmm/m/it on input line 23.
LaTeX Font Info:    ... okay on input line 23.
LaTeX Font Info:    Checking defaults for T1/cmr/m/n on input line 23.
LaTeX Font Info:    ... okay on input line 23.
LaTeX Font Info:    Checking defaults for OT1/cmr/m/n on input line 23.
LaTeX Font Info:    ... okay on input line 23.
LaTeX Font Info:    Checking defaults for OMS/cmsy/m/n on input line 23.
LaTeX Font Info:    ... okay on input line 23.
LaTeX Font Info:    Checking defaults for OMX/cmex/m/n on input line 23.
LaTeX Font Info:    ... okay on input line 23.
LaTeX Font Info:    Checking defaults for U/cmr/m/n on input line 23.
LaTeX Font Info:    ... okay on input line 23.

*geometry auto-detecting driver*
*geometry detected driver: dvips*
-------------------- Geometry parameters
paper: a4paper
landscape: --
twocolumn: --
twoside: --
asymmetric: --
h-parts: 108.405pt, 416.83289pt, 72.26999pt
v-parts: 72.26999pt, 700.50687pt, 72.26999pt
hmarginratio: --
vmarginratio: --
lines: --
heightrounded: --
bindingoffset: 0.0pt
truedimen: --
includehead: --
includefoot: --
includemp: --
driver: dvips
-------------------- Page layout dimensions and switches
\paperwidth  597.50787pt
\paperheight 845.04684pt
\textwidth  416.83289pt
\textheight 700.50687pt
\oddsidemargin  36.13501pt
\evensidemargin 36.13501pt
\topmargin  -37.0pt
\headheight 12.0pt
\headsep    25.0pt
\footskip   30.0pt
\marginparwidth 57.0pt
\marginparsep   11.0pt
\columnsep  10.0pt
\skip\footins  9.0pt plus 4.0pt minus 2.0pt
\hoffset 0.0pt
\voffset 0.0pt
\mag 1000

(1in=72.27pt, 1cm=28.45pt)
-----------------------
Package caption Info: Begin \AtBeginDocument code.
Package caption3 Info: subfig package 1.2 or 1.3 is loaded.
LaTeX Info: Redefining \subref on input line 23.
Package caption Info: rotating package is loaded.
Package caption Info: End \AtBeginDocument code.
LaTeX Font Info:    Try loading font information for U+msa on input line 27.
(/usr/share/texmf-texlive/tex/latex/amsfonts/umsa.fd
File: umsa.fd 2009/06/22 v3.00 AMS symbols A
)
LaTeX Font Info:    Try loading font information for U+msb on input line 27.

(/usr/share/texmf-texlive/tex/latex/amsfonts/umsb.fd
File: umsb.fd 2009/06/22 v3.00 AMS symbols B
)

LaTeX Warning: No \author given.

LaTeX Font Info:    Try loading font information for OMS+cmr on input line 32.
(/usr/share/texmf-texlive/tex/latex/base/omscmr.fd
File: omscmr.fd 1999/05/25 v2.5h Standard LaTeX font definitions
)
LaTeX Font Info:    Font shape `OMS/cmr/m/n' in size <10> not available
(Font)              Font shape `OMS/cmsy/m/n' tried instead on input line 32.
File: ../figure/case1A/array_instance_number_time.eps Graphic file (type eps)

<../figure/case1A/array_instance_number_time.eps>
File: ../figure/case1A/avg_idle_time_over_time.eps Graphic file (type eps)

<../figure/case1A/avg_idle_time_over_time.eps>
File: ../figure/case1A/error_over_time.eps Graphic file (type eps)

<../figure/case1A/error_over_time.eps>
File: ../figure/case1A/response_time_over_time.eps Graphic file (type eps)

<../figure/case1A/response_time_over_time.eps>
File: ../figure/case1A/throughput_over_time.eps Graphic file (type eps)

<../figure/case1A/throughput_over_time.eps>
File: ../figure/case1A/workload_over_time.eps Graphic file (type eps)

<../figure/case1A/workload_over_time.eps>

LaTeX Warning: `h' float specifier changed to `ht'.

File: ../figure/case1B/array_instance_number_time.eps Graphic file (type eps)
<../figure/case1B/array_instance_number_time.eps>
File: ../figure/case1B/avg_idle_time_over_time.eps Graphic file (type eps)

<../figure/case1B/avg_idle_time_over_time.eps>
File: ../figure/case1B/error_over_time.eps Graphic file (type eps)

<../figure/case1B/error_over_time.eps>
File: ../figure/case1B/response_time_over_time.eps Graphic file (type eps)

<../figure/case1B/response_time_over_time.eps>
File: ../figure/case1B/throughput_over_time.eps Graphic file (type eps)

<../figure/case1B/throughput_over_time.eps>
File: ../figure/case1B/workload_over_time.eps Graphic file (type eps)

<../figure/case1B/workload_over_time.eps>

LaTeX Warning: `h' float specifier changed to `ht'.

File: ../figure/case2A/array_instance_number_time.eps Graphic file (type eps)
<../figure/case2A/array_instance_number_time.eps>
File: ../figure/case2A/avg_idle_time_over_time.eps Graphic file (type eps)

<../figure/case2A/avg_idle_time_over_time.eps>
File: ../figure/case2A/error_over_time.eps Graphic file (type eps)

<../figure/case2A/error_over_time.eps>
File: ../figure/case2A/response_time_over_time.eps Graphic file (type eps)

<../figure/case2A/response_time_over_time.eps>
File: ../figure/case2A/throughput_over_time.eps Graphic file (type eps)

<../figure/case2A/throughput_over_time.eps>
File: ../figure/case2A/workload_over_time.eps Graphic file (type eps)

<../figure/case2A/workload_over_time.eps>

LaTeX Warning: `h' float specifier changed to `ht'.

File: ../figure/case2B/array_instance_number_time.eps Graphic file (type eps)
<../figure/case2B/array_instance_number_time.eps>
File: ../figure/case2B/avg_idle_time_over_time.eps Graphic file (type eps)

<../figure/case2B/avg_idle_time_over_time.eps>
File: ../figure/case2B/error_over_time.eps Graphic file (type eps)

<../figure/case2B/error_over_time.eps>
File: ../figure/case2B/response_time_over_time.eps Graphic file (type eps)

<../figure/case2B/response_time_over_time.eps>
File: ../figure/case2B/throughput_over_time.eps Graphic file (type eps)

<../figure/case2B/throughput_over_time.eps>
File: ../figure/case2B/workload_over_time.eps Graphic file (type eps)

<../figure/case2B/workload_over_time.eps>

LaTeX Warning: `h' float specifier changed to `ht'.

File: ../figure/case3A/array_instance_number_time.eps Graphic file (type eps)
<../figure/case3A/array_instance_number_time.eps>
File: ../figure/case3A/avg_idle_time_over_time.eps Graphic file (type eps)

<../figure/case3A/avg_idle_time_over_time.eps>
File: ../figure/case3A/error_over_time.eps Graphic file (type eps)

<../figure/case3A/error_over_time.eps>
File: ../figure/case3A/response_time_over_time.eps Graphic file (type eps)

<../figure/case3A/response_time_over_time.eps>
File: ../figure/case3A/throughput_over_time.eps Graphic file (type eps)

<../figure/case3A/throughput_over_time.eps>
File: ../figure/case3A/workload_over_time.eps Graphic file (type eps)

<../figure/case3A/workload_over_time.eps>

LaTeX Warning: `h' float specifier changed to `ht'.

File: ../figure/case3B/array_instance_number_time.eps Graphic file (type eps)
<../figure/case3B/array_instance_number_time.eps>
File: ../figure/case3B/avg_idle_time_over_time.eps Graphic file (type eps)

<../figure/case3B/avg_idle_time_over_time.eps>
File: ../figure/case3B/error_over_time.eps Graphic file (type eps)

<../figure/case3B/error_over_time.eps>
File: ../figure/case3B/response_time_over_time.eps Graphic file (type eps)

<../figure/case3B/response_time_over_time.eps>
File: ../figure/case3B/throughput_over_time.eps Graphic file (type eps)

<../figure/case3B/throughput_over_time.eps>
File: ../figure/case3B/workload_over_time.eps Graphic file (type eps)

<../figure/case3B/workload_over_time.eps>

LaTeX Warning: `h' float specifier changed to `ht'.

[1

] [2] [3] [4] [5] [6] [7] (./result.aux) ) 
Here is how much of TeX's memory you used:
 3919 strings out of 495062
 56773 string characters out of 1182644
 127773 words of memory out of 3000000
 7019 multiletter control sequences out of 15000+50000
 10888 words of font info for 43 fonts, out of 3000000 for 9000
 28 hyphenation exceptions out of 8191
 44i,10n,83p,278b,452s stack positions out of 5000i,500n,10000p,200000b,50000s

Output written on result.dvi (7 pages, 8844 bytes).
